SF:lib\src\queue\domain\entities\queue_entity.dart
DA:10,5
LF:1
LH:1
end_of_record
SF:lib\src\queue\domain\usecases\add_new_queue.dart
DA:11,1
DA:14,1
DA:15,3
LF:3
LH:3
end_of_record
SF:lib\src\queue\domain\usecases\get_all_queues.dart
DA:11,1
DA:13,1
DA:15,2
LF:3
LH:3
end_of_record
SF:lib\src\queue\domain\usecases\remove_queue.dart
DA:11,1
DA:14,1
DA:15,4
LF:3
LH:3
end_of_record
SF:lib\src\queue\domain\value_objects\order.dart
DA:7,6
DA:15,8
LF:2
LH:2
end_of_record
SF:lib\src\configuration\bloc\configuration_event.dart
DA:11,1
DA:17,1
LF:2
LH:2
end_of_record
SF:lib\src\configuration\bloc\configuration_state.dart
DA:13,1
DA:19,1
LF:2
LH:2
end_of_record
SF:lib\src\configuration\bloc\configuration_bloc.dart
DA:18,1
DA:22,2
DA:23,3
DA:24,3
DA:25,3
DA:28,1
DA:30,2
DA:31,2
DA:32,2
DA:33,2
DA:34,3
DA:38,1
DA:40,4
DA:43,1
DA:45,4
LF:15
LH:15
end_of_record
SF:lib\src\queue\external\queue_firestore_datasource.dart
DA:8,1
DA:10,1
DA:12,2
DA:14,2
DA:16,5
DA:19,1
DA:21,3
DA:22,2
DA:23,1
DA:25,1
DA:29,1
DA:30,2
DA:31,2
DA:35,0
DA:36,0
DA:37,0
LF:16
LH:13
end_of_record
SF:lib\src\queue\infra\adapters\json_to_order.dart
DA:4,2
DA:5,2
DA:6,2
DA:7,2
DA:8,4
DA:9,4
DA:10,6
DA:15,3
DA:16,3
DA:17,3
DA:18,3
DA:19,6
DA:20,6
LF:13
LH:13
end_of_record
SF:lib\src\queue\infra\adapters\json_to_queue.dart
DA:5,1
DA:6,1
DA:7,1
DA:8,1
DA:9,1
DA:10,1
DA:11,1
DA:12,5
DA:13,0
DA:17,2
DA:18,2
DA:19,2
DA:20,2
DA:21,2
DA:22,2
DA:23,10
LF:16
LH:15
end_of_record
SF:lib\src\queue\infra\repositories\queue_repository.dart
DA:10,1
DA:12,1
DA:14,2
DA:15,2
DA:18,1
DA:19,2
DA:23,1
DA:24,1
DA:25,3
DA:29,0
DA:30,0
LF:11
LH:9
end_of_record
